<?xml version="1.0" encoding="UTF-8"?>
<Site BuildName="(empty)"
	BuildStamp="20240722-1035-Experimental"
	Name="branimir-asus"
	Generator="ctest-3.22.1"
	CompilerName="/usr/bin/c++"
	CompilerVersion="11.4.0"
	OSName="Linux"
	Hostname="branimir-asus"
	OSRelease="6.5.0-44-generic"
	OSVersion="#44~22.04.1-Ubuntu SMP PREEMPT_DYNAMIC Tue Jun 18 14:36:16 UTC 2"
	OSPlatform="x86_64"
	Is64Bits="1"
	VendorString="GenuineIntel"
	VendorID="Intel Corporation"
	FamilyID="6"
	ModelID="140"
	ProcessorCacheSize="12288"
	NumberOfLogicalCPU="8"
	NumberOfPhysicalCPU="4"
	TotalVirtualMemory="2047"
	TotalPhysicalMemory="15664"
	LogicalProcessorsPerPhysical="2"
	ProcessorClockFrequency="4300"
	>
	<Testing>
		<StartDateTime>Jul 22 18:07 CEST</StartDateTime>
		<StartTestTime>1721664421</StartTestTime>
		<TestList/>
		<EndDateTime>Jul 22 18:07 CEST</EndDateTime>
		<EndTestTime>1721664421</EndTestTime>
		<ElapsedMinutes>0</ElapsedMinutes>
	</Testing>
</Site>
